[INFO  - 2017-10-30T05:36:16.869Z] GhostDriver - Main - running on port 47993
[INFO  - 2017-10-30T05:36:20.363Z] Session [422130f0-bd34-11e7-9391-1375f0f81307] - page.settings - {"XSSAuditingEnabled":false,"javascriptCanCloseWindows":true,"javascriptCanOpenWindows":true,"javascriptEnabled":true,"loadImages":true,"localToRemoteUrlAccessEnabled":false,"userAgent":"Mozilla/5.0 (Windows NT 6.1; WOW64) AppleWebKit/538.1 (KHTML, like Gecko) PhantomJS/2.1.1 Safari/538.1","webSecurityEnabled":true}
[INFO  - 2017-10-30T05:36:20.363Z] Session [422130f0-bd34-11e7-9391-1375f0f81307] - page.customHeaders:  - {}
[INFO  - 2017-10-30T05:36:20.363Z] Session [422130f0-bd34-11e7-9391-1375f0f81307] - Session.negotiatedCapabilities - {"browserName":"phantomjs","version":"2.1.1","driverName":"ghostdriver","driverVersion":"1.2.0","platform":"windows-7-32bit","javascriptEnabled":true,"takesScreenshot":true,"handlesAlerts":false,"databaseEnabled":false,"locationContextEnabled":false,"applicationCacheEnabled":false,"browserConnectionEnabled":false,"cssSelectorsEnabled":true,"webStorageEnabled":false,"rotatable":false,"acceptSslCerts":false,"nativeEvents":true,"proxy":{"proxyType":"direct"}}
[INFO  - 2017-10-30T05:36:20.363Z] SessionManagerReqHand - _postNewSessionCommand - New Session Created: 422130f0-bd34-11e7-9391-1375f0f81307
[ERROR - 2017-10-30T05:36:52.495Z] WebElementLocator - _handleLocateCommand - Element(s) NOT Found: GAVE UP. Search Stop Time: 1509341812470

  phantomjs://platform/console++.js:263 in error
[ERROR - 2017-10-30T05:37:16.305Z] WebElementLocator - _handleLocateCommand - Element(s) NOT Found: GAVE UP. Search Stop Time: 1509341836300

  phantomjs://platform/console++.js:263 in error
[ERROR - 2017-10-30T05:37:35.163Z] WebElementLocator - _handleLocateCommand - Element(s) NOT Found: GAVE UP. Search Stop Time: 1509341855137

  phantomjs://platform/console++.js:263 in error
[ERROR - 2017-10-30T05:37:53.997Z] WebElementLocator - _handleLocateCommand - Element(s) NOT Found: GAVE UP. Search Stop Time: 1509341873952

  phantomjs://platform/console++.js:263 in error
[ERROR - 2017-10-30T05:38:12.784Z] WebElementLocator - _handleLocateCommand - Element(s) NOT Found: GAVE UP. Search Stop Time: 1509341892767

  phantomjs://platform/console++.js:263 in error
[ERROR - 2017-10-30T05:38:31.626Z] WebElementLocator - _handleLocateCommand - Element(s) NOT Found: GAVE UP. Search Stop Time: 1509341911586

  phantomjs://platform/console++.js:263 in error
[ERROR - 2017-10-30T05:38:50.509Z] WebElementLocator - _handleLocateCommand - Element(s) NOT Found: GAVE UP. Search Stop Time: 1509341930456

  phantomjs://platform/console++.js:263 in error
[ERROR - 2017-10-30T05:39:09.406Z] WebElementLocator - _handleLocateCommand - Element(s) NOT Found: GAVE UP. Search Stop Time: 1509341949381

  phantomjs://platform/console++.js:263 in error
[ERROR - 2017-10-30T05:39:28.206Z] WebElementLocator - _handleLocateCommand - Element(s) NOT Found: GAVE UP. Search Stop Time: 1509341968198

  phantomjs://platform/console++.js:263 in error
[ERROR - 2017-10-30T05:39:47.020Z] WebElementLocator - _handleLocateCommand - Element(s) NOT Found: GAVE UP. Search Stop Time: 1509341986991

  phantomjs://platform/console++.js:263 in error
[ERROR - 2017-10-30T05:40:05.888Z] WebElementLocator - _handleLocateCommand - Element(s) NOT Found: GAVE UP. Search Stop Time: 1509342005877

  phantomjs://platform/console++.js:263 in error
[ERROR - 2017-10-30T05:40:25.225Z] WebElementLocator - _handleLocateCommand - Element(s) NOT Found: GAVE UP. Search Stop Time: 1509342025202

  phantomjs://platform/console++.js:263 in error
[ERROR - 2017-10-30T05:40:43.995Z] WebElementLocator - _handleLocateCommand - Element(s) NOT Found: GAVE UP. Search Stop Time: 1509342043953

  phantomjs://platform/console++.js:263 in error
[ERROR - 2017-10-30T05:41:02.766Z] WebElementLocator - _handleLocateCommand - Element(s) NOT Found: GAVE UP. Search Stop Time: 1509342062728

  phantomjs://platform/console++.js:263 in error
[INFO  - 2017-10-30T05:41:16.865Z] SessionManagerReqHand - _cleanupWindowlessSessions - Asynchronous Sessions clean-up phase starting NOW
[ERROR - 2017-10-30T05:41:21.583Z] WebElementLocator - _handleLocateCommand - Element(s) NOT Found: GAVE UP. Search Stop Time: 1509342081532

  phantomjs://platform/console++.js:263 in error
[ERROR - 2017-10-30T05:41:40.313Z] WebElementLocator - _handleLocateCommand - Element(s) NOT Found: GAVE UP. Search Stop Time: 1509342100304

  phantomjs://platform/console++.js:263 in error
[ERROR - 2017-10-30T05:41:59.132Z] WebElementLocator - _handleLocateCommand - Element(s) NOT Found: GAVE UP. Search Stop Time: 1509342119106

  phantomjs://platform/console++.js:263 in error
[ERROR - 2017-10-30T05:42:17.900Z] WebElementLocator - _handleLocateCommand - Element(s) NOT Found: GAVE UP. Search Stop Time: 1509342137856

  phantomjs://platform/console++.js:263 in error
[ERROR - 2017-10-30T05:42:36.686Z] WebElementLocator - _handleLocateCommand - Element(s) NOT Found: GAVE UP. Search Stop Time: 1509342156632

  phantomjs://platform/console++.js:263 in error
[ERROR - 2017-10-30T05:42:55.447Z] WebElementLocator - _handleLocateCommand - Element(s) NOT Found: GAVE UP. Search Stop Time: 1509342175427

  phantomjs://platform/console++.js:263 in error
[ERROR - 2017-10-30T05:43:14.206Z] WebElementLocator - _handleLocateCommand - Element(s) NOT Found: GAVE UP. Search Stop Time: 1509342194188

  phantomjs://platform/console++.js:263 in error
[ERROR - 2017-10-30T05:43:32.932Z] WebElementLocator - _handleLocateCommand - Element(s) NOT Found: GAVE UP. Search Stop Time: 1509342212928

  phantomjs://platform/console++.js:263 in error
